<?xml version="1.0" encoding="UTF-8"?>
<!-- Generated by org.testng.reporters.JUnitReportReporter -->
<testsuite hostname="Dhanush" failures="0" tests="1" name="com.Ottplay.testcases.VerifyBannersOnHomePage" time="27.955" errors="0" timestamp="2024-01-03T11:29:52 IST" skipped="0">
  <testcase classname="com.Ottplay.testcases.VerifyBannersOnHomePage" name="VerifyBannersOnHomePageForSubscribedUser" time="27.955"/>
</testsuite> <!-- com.Ottplay.testcases.VerifyBannersOnHomePage -->
