<?xml version="1.0" encoding="UTF-8"?>
<!-- Generated by org.testng.reporters.JUnitReportReporter -->
<testsuite hostname="Dhanush" failures="0" tests="1" name="com.Ottplay.testcases.Test_Logout" time="11.654" errors="0" timestamp="2023-12-29T10:33:53 IST" skipped="0">
  <testcase classname="com.Ottplay.testcases.Test_Logout" name="TestLogout" time="11.654"/>
</testsuite> <!-- com.Ottplay.testcases.Test_Logout -->
