<?xml version="1.0" encoding="UTF-8"?>
<!-- Generated by org.testng.reporters.JUnitReportReporter -->
<testsuite hostname="Dhanush" failures="0" tests="1" name="com.Ottplay.testcases.VerifyLikeButtonFunctionalityForUnSubscribedUser" time="9.037" errors="0" timestamp="2023-12-29T10:33:53 IST" skipped="0">
  <testcase classname="com.Ottplay.testcases.VerifyLikeButtonFunctionalityForUnSubscribedUser" name="verifyLikeButtonFunctionalityForUnSubscribedUser" time="9.037"/>
</testsuite> <!-- com.Ottplay.testcases.VerifyLikeButtonFunctionalityForUnSubscribedUser -->
